Build started 28-08-2024 08:51:20.
     1>Project "C:\Users\Brajesh\Downloads\234101011_digitrecognition-20240828T031217Z-001\234101011_digitrecognition\DigitRecog\DigitRecog\DigitRecog.vcxproj" on node 2 (build target(s)).
     1>InitializeBuildStatus:
         Creating "Debug\DigitRecog.unsuccessfulbuild" because "AlwaysCreate" was specified.
       ClCompile:
         C:\Program Files (x86)\Microsoft Visual Studio 10.0\VC\bin\CL.exe /c /ZI /nologo /W3 /WX- /Od /Oy- /D WIN32 /D _DEBUG /D _CONSOLE /D _UNICODE /D UNICODE /Gm /EHsc /RTC1 /MDd /GS /fp:precise /Zc:wchar_t /Zc:forScope /Yc"StdAfx.h" /Fp"Debug\DigitRecog.pch" /Fo"Debug\\" /Fd"Debug\vc100.pdb" /Gd /TP /analyze- /errorReport:prompt stdafx.cpp
         stdafx.cpp
         C:\Program Files (x86)\Microsoft Visual Studio 10.0\VC\bin\CL.exe /c /ZI /nologo /W3 /WX- /Od /Oy- /D WIN32 /D _DEBUG /D _CONSOLE /D _UNICODE /D UNICODE /Gm /EHsc /RTC1 /MDd /GS /fp:precise /Zc:wchar_t /Zc:forScope /Yu"StdAfx.h" /Fp"Debug\DigitRecog.pch" /Fo"Debug\\" /Fd"Debug\vc100.pdb" /Gd /TP /analyze- /errorReport:prompt DigitRecog.cpp
         DigitRecog.cpp
     1>c:\users\brajesh\downloads\234101011_digitrecognition-20240828t031217z-001\234101011_digitrecognition\digitrecog\digitrecog\digitrecog.cpp(72): warning C4244: '=' : conversion from 'long double' to 'int', possible loss of data
     1>c:\users\brajesh\downloads\234101011_digitrecognition-20240828t031217z-001\234101011_digitrecognition\digitrecog\digitrecog\digitrecog.cpp(82): warning C4244: '=' : conversion from 'long double' to 'int', possible loss of data
     1>c:\users\brajesh\downloads\234101011_digitrecognition-20240828t031217z-001\234101011_digitrecognition\digitrecog\digitrecog\digitrecog.cpp(688): warning C4996: 'getch': The POSIX name for this item is deprecated. Instead, use the ISO C++ conformant name: _getch. See online help for details.
                 c:\program files (x86)\microsoft visual studio 10.0\vc\include\conio.h(128) : see declaration of 'getch'
       ManifestResourceCompile:
         C:\Program Files (x86)\Microsoft SDKs\Windows\v7.0A\bin\rc.exe /nologo /fo"Debug\DigitRecog.exe.embed.manifest.res" Debug\DigitRecog_manifest.rc 
       Link:
         C:\Program Files (x86)\Microsoft Visual Studio 10.0\VC\bin\link.exe /ERRORREPORT:PROMPT /OUT:"C:\Users\Brajesh\Downloads\234101011_digitrecognition-20240828T031217Z-001\234101011_digitrecognition\DigitRecog\Debug\DigitRecog.exe" /INCREMENTAL /NOLOGO kernel32.lib user32.lib gdi32.lib winspool.lib comdlg32.lib advapi32.lib shell32.lib ole32.lib oleaut32.lib uuid.lib odbc32.lib odbccp32.lib /MANIFEST /ManifestFile:"Debug\DigitRecog.exe.intermediate.manifest" /MANIFESTUAC:"level='asInvoker' uiAccess='false'" /DEBUG /PDB:"C:\Users\Brajesh\Downloads\234101011_digitrecognition-20240828T031217Z-001\234101011_digitrecognition\DigitRecog\Debug\DigitRecog.pdb" /SUBSYSTEM:CONSOLE /TLBID:1 /DYNAMICBASE /NXCOMPAT /IMPLIB:"C:\Users\Brajesh\Downloads\234101011_digitrecognition-20240828T031217Z-001\234101011_digitrecognition\DigitRecog\Debug\DigitRecog.lib" /MACHINE:X86 Debug\DigitRecog.exe.embed.manifest.res
         Debug\DigitRecog.obj
         Debug\stdafx.obj
       Manifest:
         Deleting file "Debug\DigitRecog.exe.embed.manifest".
         C:\Program Files (x86)\Microsoft SDKs\Windows\v7.0A\bin\mt.exe /nologo /verbose /out:"Debug\DigitRecog.exe.embed.manifest" /manifest Debug\DigitRecog.exe.intermediate.manifest
         C:\Program Files (x86)\Microsoft SDKs\Windows\v7.0A\bin\rc.exe /nologo /fo"Debug\DigitRecog.exe.embed.manifest.res" Debug\DigitRecog_manifest.rc 
       LinkEmbedManifest:
         C:\Program Files (x86)\Microsoft Visual Studio 10.0\VC\bin\link.exe /ERRORREPORT:PROMPT /OUT:"C:\Users\Brajesh\Downloads\234101011_digitrecognition-20240828T031217Z-001\234101011_digitrecognition\DigitRecog\Debug\DigitRecog.exe" /INCREMENTAL /NOLOGO kernel32.lib user32.lib gdi32.lib winspool.lib comdlg32.lib advapi32.lib shell32.lib ole32.lib oleaut32.lib uuid.lib odbc32.lib odbccp32.lib /MANIFEST /ManifestFile:"Debug\DigitRecog.exe.intermediate.manifest" /MANIFESTUAC:"level='asInvoker' uiAccess='false'" /DEBUG /PDB:"C:\Users\Brajesh\Downloads\234101011_digitrecognition-20240828T031217Z-001\234101011_digitrecognition\DigitRecog\Debug\DigitRecog.pdb" /SUBSYSTEM:CONSOLE /TLBID:1 /DYNAMICBASE /NXCOMPAT /IMPLIB:"C:\Users\Brajesh\Downloads\234101011_digitrecognition-20240828T031217Z-001\234101011_digitrecognition\DigitRecog\Debug\DigitRecog.lib" /MACHINE:X86 Debug\DigitRecog.exe.embed.manifest.res
         Debug\DigitRecog.obj
         Debug\stdafx.obj
         DigitRecog.vcxproj -> C:\Users\Brajesh\Downloads\234101011_digitrecognition-20240828T031217Z-001\234101011_digitrecognition\DigitRecog\Debug\DigitRecog.exe
       FinalizeBuildStatus:
         Deleting file "Debug\DigitRecog.unsuccessfulbuild".
         Touching "Debug\DigitRecog.lastbuildstate".
     1>Done Building Project "C:\Users\Brajesh\Downloads\234101011_digitrecognition-20240828T031217Z-001\234101011_digitrecognition\DigitRecog\DigitRecog\DigitRecog.vcxproj" (build target(s)).

Build succeeded.

Time Elapsed 00:00:03.29
